<?xml version="1.0" encoding="UTF-8"?>
<!-- Generated by org.testng.reporters.JUnitReportReporter -->
<testsuite skipped="0" hostname="Sonal" name="DataProvider.ContactsDataProvider" tests="5" failures="0" timestamp="21 Jul 2018 14:28:32 GMT" time="158.799" errors="0">
  <testcase name="VerifyContactPageTitleTest" time="29.442" classname="DataProvider.ContactsDataProvider"/>
  <testcase name="ValidateContactInformationTest" time="34.242" classname="DataProvider.ContactsDataProvider"/>
  <testcase name="ValidateContactInformationTest" time="32.526" classname="DataProvider.ContactsDataProvider"/>
  <testcase name="ValidateContactInformationTest" time="28.367" classname="DataProvider.ContactsDataProvider"/>
  <testcase name="ValidateContactInformationTest" time="34.222" classname="DataProvider.ContactsDataProvider"/>
</testsuite> <!-- DataProvider.ContactsDataProvider -->
