<?xml version="1.0" encoding="UTF-8"?>
<!-- Generated by org.testng.reporters.JUnitReportReporter -->
<testsuite skipped="0" hostname="Sonal" name="com.qa.FreeCRM.TestBase.LoginPageTest" tests="5" failures="0" timestamp="12 Jul 2018 08:41:02 GMT" time="71.168" errors="0">
  <testcase name="LoginVerifySingUpBtnTest" time="13.979" classname="com.qa.FreeCRM.TestBase.LoginPageTest"/>
  <testcase name="LoginVerifyForgotLinkTest" time="11.543" classname="com.qa.FreeCRM.TestBase.LoginPageTest"/>
  <testcase name="LoginPageTitleTest" time="10.280" classname="com.qa.FreeCRM.TestBase.LoginPageTest"/>
  <testcase name="LoginPageLogoTest" time="14.583" classname="com.qa.FreeCRM.TestBase.LoginPageTest"/>
  <testcase name="ValidLoginTest" time="20.783" classname="com.qa.FreeCRM.TestBase.LoginPageTest"/>
</testsuite> <!-- com.qa.FreeCRM.TestBase.LoginPageTest -->
