<?xml version="1.0" encoding="UTF-8"?>
<!-- Generated by org.testng.reporters.JUnitReportReporter -->
<testsuite skipped="0" hostname="Sonal" name="com.qa.FreeCRM.TestCases.ContactsPageTest" tests="5" failures="0" timestamp="21 Jul 2018 14:53:10 GMT" time="191.720" errors="0">
  <testcase name="VerifyContactPageTitleTest" time="60.226" classname="com.qa.FreeCRM.TestCases.ContactsPageTest"/>
  <testcase name="ValidateContactInformationTest" time="31.715" classname="com.qa.FreeCRM.TestCases.ContactsPageTest"/>
  <testcase name="ValidateContactInformationTest" time="32.661" classname="com.qa.FreeCRM.TestCases.ContactsPageTest"/>
  <testcase name="ValidateContactInformationTest" time="33.246" classname="com.qa.FreeCRM.TestCases.ContactsPageTest"/>
  <testcase name="ValidateContactInformationTest" time="33.872" classname="com.qa.FreeCRM.TestCases.ContactsPageTest"/>
</testsuite> <!-- com.qa.FreeCRM.TestCases.ContactsPageTest -->
