<?xml version="1.0" encoding="UTF-8"?>
<!-- Generated by org.testng.reporters.JUnitReportReporter -->
<testsuite skipped="1" hostname="Sonal" name="com.qa.FreeCRM.TestCases.HomePageTest" tests="2" failures="0" timestamp="12 Jul 2018 11:05:36 GMT" time="52.774" errors="0">
  <testcase name="VerifyHomePageLinkBtn" time="52.774" classname="com.qa.FreeCRM.TestCases.HomePageTest"/>
  <testcase name="VerifyHomePageTitleTest" classname="com.qa.FreeCRM.TestCases.HomePageTest">
    <skipped/>
  </testcase> <!-- VerifyHomePageTitleTest -->
</testsuite> <!-- com.qa.FreeCRM.TestCases.HomePageTest -->
