<?xml version="1.0" encoding="UTF-8"?>
<!-- Generated by org.testng.reporters.JUnitReportReporter -->
<testsuite skipped="0" hostname="Sonal" name="com.qa.FreeCRM.TestBase.TestBaseParent" tests="1" failures="0" timestamp="07 Jul 2018 17:49:26 GMT" time="25.946" errors="0">
  <testcase name="initialization" time="25.946" classname="com.qa.FreeCRM.TestBase.TestBaseParent"/>
</testsuite> <!-- com.qa.FreeCRM.TestBase.TestBaseParent -->
