<?xml version="1.0" encoding="UTF-8"?>
<!-- Generated by org.testng.reporters.JUnitReportReporter -->
<testsuite skipped="0" hostname="Sonal" name="com.qa.FreeCRM.TestCases.ContactsPageTest" tests="2" failures="0" timestamp="20 Jul 2018 17:48:05 GMT" time="69.041" errors="0">
  <testcase name="VerifyContactPageTitleTest" time="31.394" classname="com.qa.FreeCRM.TestCases.ContactsPageTest"/>
  <testcase name="ValidateContactPageInformationFormTest" time="37.647" classname="com.qa.FreeCRM.TestCases.ContactsPageTest"/>
</testsuite> <!-- com.qa.FreeCRM.TestCases.ContactsPageTest -->
