<?xml version="1.0" encoding="UTF-8"?>
<!-- Generated by org.testng.reporters.JUnitReportReporter -->
<testsuite skipped="0" hostname="Sonal" name="RestClientsMethods.GetAPITest" tests="1" failures="0" timestamp="25 Jul 2018 13:34:48 GMT" time="1.854" errors="0">
  <testcase name="getAPITest" time="1.854" classname="RestClientsMethods.GetAPITest"/>
</testsuite> <!-- RestClientsMethods.GetAPITest -->
