<?xml version="1.0" encoding="UTF-8"?>
<!-- Generated by org.testng.reporters.JUnitReportReporter -->
<testsuite skipped="1" hostname="Sonal" name="com.qa.FreeCRM.Pages.ContactsPage" tests="1" failures="0" timestamp="21 Jul 2018 06:36:54 GMT" time="0.000" errors="0">
  <testcase name="ValidateContactInformation" time="0.000" classname="com.qa.FreeCRM.Pages.ContactsPage">
    <skipped/>
  </testcase> <!-- ValidateContactInformation -->
</testsuite> <!-- com.qa.FreeCRM.Pages.ContactsPage -->
