<?xml version="1.0" encoding="UTF-8"?>
<!-- Generated by org.testng.reporters.JUnitReportReporter -->
<testsuite skipped="0" hostname="Sonal" name="com.qa.FreeCRM.TestCases.LoginPageTest" tests="5" failures="0" timestamp="19 Jul 2018 08:07:32 GMT" time="92.682" errors="0">
  <testcase name="LoginVerifyForgotLinkTest" time="25.621" classname="com.qa.FreeCRM.TestCases.LoginPageTest"/>
  <testcase name="LoginVerifySingUpBtnTest" time="12.201" classname="com.qa.FreeCRM.TestCases.LoginPageTest"/>
  <testcase name="LoginPageTitleTest" time="14.483" classname="com.qa.FreeCRM.TestCases.LoginPageTest"/>
  <testcase name="LoginPageLogoTest" time="11.733" classname="com.qa.FreeCRM.TestCases.LoginPageTest"/>
  <testcase name="ValidLoginTest" time="28.644" classname="com.qa.FreeCRM.TestCases.LoginPageTest"/>
</testsuite> <!-- com.qa.FreeCRM.TestCases.LoginPageTest -->
