<?xml version="1.0" encoding="UTF-8"?>
<!-- Generated by org.testng.reporters.JUnitReportReporter -->
<testsuite skipped="0" hostname="Sonal" name="com.qa.FreeCRM.TestCases.LoginPageTest" tests="5" failures="0" timestamp="22 Jul 2018 05:55:45 GMT" time="77.210" errors="0">
  <testcase name="VerifyLoginMultipleTestData" time="12.574" classname="com.qa.FreeCRM.TestCases.LoginPageTest"/>
  <testcase name="VerifyLoginMultipleTestData" time="22.758" classname="com.qa.FreeCRM.TestCases.LoginPageTest"/>
  <testcase name="VerifyLoginMultipleTestData" time="14.005" classname="com.qa.FreeCRM.TestCases.LoginPageTest"/>
  <testcase name="VerifyLoginMultipleTestData" time="14.713" classname="com.qa.FreeCRM.TestCases.LoginPageTest"/>
  <testcase name="VerifyLoginMultipleTestData" time="13.160" classname="com.qa.FreeCRM.TestCases.LoginPageTest"/>
</testsuite> <!-- com.qa.FreeCRM.TestCases.LoginPageTest -->
